<?xml version="1.0" encoding="UTF-8"?>
<testsuite xmlns:xsi="http://www.w3.org/2001/XMLSchema-instance" xsi:noNamespaceSchemaLocation="https://maven.apache.org/surefire/maven-surefire-plugin/xsd/surefire-test-report-3.0.xsd" version="3.0" name="com.roczyno.aws.task_manager.TaskServiceTest" time="0.722" tests="4" errors="0" skipped="0" failures="0">
  <properties>
    <property name="DEADLINE_TOPIC_ARN" value="test-deadline-arn"/>
    <property name="java.specification.version" value="17"/>
    <property name="sun.cpu.isalist" value="amd64"/>
    <property name="sun.jnu.encoding" value="Cp1252"/>
    <property name="java.class.path" value="C:\Users\JacobSabbathAdiaba\OneDrive - AmaliTech gGmbH\Desktop\Aws Microservice\projects\TaskManagerApi\TaskManagerApi\target\test-classes;C:\Users\JacobSabbathAdiaba\OneDrive - AmaliTech gGmbH\Desktop\Aws Microservice\projects\TaskManagerApi\TaskManagerApi\target\classes;C:\Users\JacobSabbathAdiaba\.m2\repository\org\springframework\boot\spring-boot-starter-web\3.4.1\spring-boot-starter-web-3.4.1.jar;C:\Users\JacobSabbathAdiaba\.m2\repository\org\springframework\boot\spring-boot-starter\3.4.1\spring-boot-starter-3.4.1.jar;C:\Users\JacobSabbathAdiaba\.m2\repository\org\springframework\boot\spring-boot\3.4.1\spring-boot-3.4.1.jar;C:\Users\JacobSabbathAdiaba\.m2\repository\org\springframework\boot\spring-boot-autoconfigure\3.4.1\spring-boot-autoconfigure-3.4.1.jar;C:\Users\JacobSabbathAdiaba\.m2\repository\org\springframework\boot\spring-boot-starter-logging\3.4.1\spring-boot-starter-logging-3.4.1.jar;C:\Users\JacobSabbathAdiaba\.m2\repository\ch\qos\logback\logback-classic\1.5.12\logback-classic-1.5.12.jar;C:\Users\JacobSabbathAdiaba\.m2\repository\ch\qos\logback\logback-core\1.5.12\logback-core-1.5.12.jar;C:\Users\JacobSabbathAdiaba\.m2\repository\org\apache\logging\log4j\log4j-to-slf4j\2.24.3\log4j-to-slf4j-2.24.3.jar;C:\Users\JacobSabbathAdiaba\.m2\repository\org\apache\logging\log4j\log4j-api\2.24.3\log4j-api-2.24.3.jar;C:\Users\JacobSabbathAdiaba\.m2\repository\org\slf4j\jul-to-slf4j\2.0.16\jul-to-slf4j-2.0.16.jar;C:\Users\JacobSabbathAdiaba\.m2\repository\jakarta\annotation\jakarta.annotation-api\2.1.1\jakarta.annotation-api-2.1.1.jar;C:\Users\JacobSabbathAdiaba\.m2\repository\org\springframework\spring-core\6.2.1\spring-core-6.2.1.jar;C:\Users\JacobSabbathAdiaba\.m2\repository\org\springframework\spring-jcl\6.2.1\spring-jcl-6.2.1.jar;C:\Users\JacobSabbathAdiaba\.m2\repository\org\yaml\snakeyaml\2.3\snakeyaml-2.3.jar;C:\Users\JacobSabbathAdiaba\.m2\repository\org\springframework\boot\spring-boot-starter-json\3.4.1\spring-boot-starter-json-3.4.1.jar;C:\Users\JacobSabbathAdiaba\.m2\repository\com\fasterxml\jackson\datatype\jackson-datatype-jdk8\2.18.2\jackson-datatype-jdk8-2.18.2.jar;C:\Users\JacobSabbathAdiaba\.m2\repository\com\fasterxml\jackson\datatype\jackson-datatype-jsr310\2.18.2\jackson-datatype-jsr310-2.18.2.jar;C:\Users\JacobSabbathAdiaba\.m2\repository\com\fasterxml\jackson\module\jackson-module-parameter-names\2.18.2\jackson-module-parameter-names-2.18.2.jar;C:\Users\JacobSabbathAdiaba\.m2\repository\org\springframework\boot\spring-boot-starter-tomcat\3.4.1\spring-boot-starter-tomcat-3.4.1.jar;C:\Users\JacobSabbathAdiaba\.m2\repository\org\apache\tomcat\embed\tomcat-embed-core\10.1.34\tomcat-embed-core-10.1.34.jar;C:\Users\JacobSabbathAdiaba\.m2\repository\org\apache\tomcat\embed\tomcat-embed-el\10.1.34\tomcat-embed-el-10.1.34.jar;C:\Users\JacobSabbathAdiaba\.m2\repository\org\apache\tomcat\embed\tomcat-embed-websocket\10.1.34\tomcat-embed-websocket-10.1.34.jar;C:\Users\JacobSabbathAdiaba\.m2\repository\org\springframework\spring-web\6.2.1\spring-web-6.2.1.jar;C:\Users\JacobSabbathAdiaba\.m2\repository\org\springframework\spring-beans\6.2.1\spring-beans-6.2.1.jar;C:\Users\JacobSabbathAdiaba\.m2\repository\io\micrometer\micrometer-observation\1.14.2\micrometer-observation-1.14.2.jar;C:\Users\JacobSabbathAdiaba\.m2\repository\io\micrometer\micrometer-commons\1.14.2\micrometer-commons-1.14.2.jar;C:\Users\JacobSabbathAdiaba\.m2\repository\org\springframework\spring-webmvc\6.2.1\spring-webmvc-6.2.1.jar;C:\Users\JacobSabbathAdiaba\.m2\repository\org\springframework\spring-aop\6.2.1\spring-aop-6.2.1.jar;C:\Users\JacobSabbathAdiaba\.m2\repository\org\springframework\spring-context\6.2.1\spring-context-6.2.1.jar;C:\Users\JacobSabbathAdiaba\.m2\repository\org\springframework\spring-expression\6.2.1\spring-expression-6.2.1.jar;C:\Users\JacobSabbathAdiaba\.m2\repository\com\amazonaws\aws-lambda-java-core\1.2.0\aws-lambda-java-core-1.2.0.jar;C:\Users\JacobSabbathAdiaba\.m2\repository\com\amazonaws\aws-lambda-java-events\3.6.0\aws-lambda-java-events-3.6.0.jar;C:\Users\JacobSabbathAdiaba\.m2\repository\joda-time\joda-time\2.6\joda-time-2.6.jar;C:\Users\JacobSabbathAdiaba\.m2\repository\software\amazon\awssdk\kms\2.29.39\kms-2.29.39.jar;C:\Users\JacobSabbathAdiaba\.m2\repository\software\amazon\awssdk\aws-json-protocol\2.29.39\aws-json-protocol-2.29.39.jar;C:\Users\JacobSabbathAdiaba\.m2\repository\software\amazon\awssdk\third-party-jackson-core\2.29.39\third-party-jackson-core-2.29.39.jar;C:\Users\JacobSabbathAdiaba\.m2\repository\software\amazon\awssdk\protocol-core\2.29.39\protocol-core-2.29.39.jar;C:\Users\JacobSabbathAdiaba\.m2\repository\software\amazon\awssdk\http-auth-aws\2.29.39\http-auth-aws-2.29.39.jar;C:\Users\JacobSabbathAdiaba\.m2\repository\software\amazon\awssdk\checksums-spi\2.29.39\checksums-spi-2.29.39.jar;C:\Users\JacobSabbathAdiaba\.m2\repository\software\amazon\awssdk\checksums\2.29.39\checksums-2.29.39.jar;C:\Users\JacobSabbathAdiaba\.m2\repository\software\amazon\awssdk\sdk-core\2.29.39\sdk-core-2.29.39.jar;C:\Users\JacobSabbathAdiaba\.m2\repository\software\amazon\awssdk\retries\2.29.39\retries-2.29.39.jar;C:\Users\JacobSabbathAdiaba\.m2\repository\org\slf4j\slf4j-api\1.7.36\slf4j-api-1.7.36.jar;C:\Users\JacobSabbathAdiaba\.m2\repository\org\reactivestreams\reactive-streams\1.0.4\reactive-streams-1.0.4.jar;C:\Users\JacobSabbathAdiaba\.m2\repository\software\amazon\awssdk\auth\2.29.39\auth-2.29.39.jar;C:\Users\JacobSabbathAdiaba\.m2\repository\software\amazon\awssdk\http-auth-aws-eventstream\2.29.39\http-auth-aws-eventstream-2.29.39.jar;C:\Users\JacobSabbathAdiaba\.m2\repository\software\amazon\eventstream\eventstream\1.0.1\eventstream-1.0.1.jar;C:\Users\JacobSabbathAdiaba\.m2\repository\software\amazon\awssdk\http-auth-spi\2.29.39\http-auth-spi-2.29.39.jar;C:\Users\JacobSabbathAdiaba\.m2\repository\software\amazon\awssdk\http-auth\2.29.39\http-auth-2.29.39.jar;C:\Users\JacobSabbathAdiaba\.m2\repository\software\amazon\awssdk\identity-spi\2.29.39\identity-spi-2.29.39.jar;C:\Users\JacobSabbathAdiaba\.m2\repository\software\amazon\awssdk\http-client-spi\2.29.39\http-client-spi-2.29.39.jar;C:\Users\JacobSabbathAdiaba\.m2\repository\software\amazon\awssdk\regions\2.29.39\regions-2.29.39.jar;C:\Users\JacobSabbathAdiaba\.m2\repository\software\amazon\awssdk\annotations\2.29.39\annotations-2.29.39.jar;C:\Users\JacobSabbathAdiaba\.m2\repository\software\amazon\awssdk\utils\2.29.39\utils-2.29.39.jar;C:\Users\JacobSabbathAdiaba\.m2\repository\software\amazon\awssdk\aws-core\2.29.39\aws-core-2.29.39.jar;C:\Users\JacobSabbathAdiaba\.m2\repository\software\amazon\awssdk\metrics-spi\2.29.39\metrics-spi-2.29.39.jar;C:\Users\JacobSabbathAdiaba\.m2\repository\software\amazon\awssdk\json-utils\2.29.39\json-utils-2.29.39.jar;C:\Users\JacobSabbathAdiaba\.m2\repository\software\amazon\awssdk\endpoints-spi\2.29.39\endpoints-spi-2.29.39.jar;C:\Users\JacobSabbathAdiaba\.m2\repository\software\amazon\awssdk\retries-spi\2.29.39\retries-spi-2.29.39.jar;C:\Users\JacobSabbathAdiaba\.m2\repository\software\amazon\awssdk\netty-nio-client\2.29.39\netty-nio-client-2.29.39.jar;C:\Users\JacobSabbathAdiaba\.m2\repository\io\netty\netty-codec-http\4.1.115.Final\netty-codec-http-4.1.115.Final.jar;C:\Users\JacobSabbathAdiaba\.m2\repository\io\netty\netty-codec-http2\4.1.115.Final\netty-codec-http2-4.1.115.Final.jar;C:\Users\JacobSabbathAdiaba\.m2\repository\io\netty\netty-codec\4.1.115.Final\netty-codec-4.1.115.Final.jar;C:\Users\JacobSabbathAdiaba\.m2\repository\io\netty\netty-transport\4.1.115.Final\netty-transport-4.1.115.Final.jar;C:\Users\JacobSabbathAdiaba\.m2\repository\io\netty\netty-common\4.1.115.Final\netty-common-4.1.115.Final.jar;C:\Users\JacobSabbathAdiaba\.m2\repository\io\netty\netty-buffer\4.1.115.Final\netty-buffer-4.1.115.Final.jar;C:\Users\JacobSabbathAdiaba\.m2\repository\io\netty\netty-handler\4.1.115.Final\netty-handler-4.1.115.Final.jar;C:\Users\JacobSabbathAdiaba\.m2\repository\io\netty\netty-transport-native-unix-common\4.1.115.Final\netty-transport-native-unix-common-4.1.115.Final.jar;C:\Users\JacobSabbathAdiaba\.m2\repository\io\netty\netty-transport-classes-epoll\4.1.115.Final\netty-transport-classes-epoll-4.1.115.Final.jar;C:\Users\JacobSabbathAdiaba\.m2\repository\io\netty\netty-resolver\4.1.115.Final\netty-resolver-4.1.115.Final.jar;C:\Users\JacobSabbathAdiaba\.m2\repository\org\junit\jupiter\junit-jupiter\5.8.2\junit-jupiter-5.8.2.jar;C:\Users\JacobSabbathAdiaba\.m2\repository\org\junit\jupiter\junit-jupiter-api\5.8.2\junit-jupiter-api-5.8.2.jar;C:\Users\JacobSabbathAdiaba\.m2\repository\org\opentest4j\opentest4j\1.2.0\opentest4j-1.2.0.jar;C:\Users\JacobSabbathAdiaba\.m2\repository\org\junit\platform\junit-platform-commons\1.8.2\junit-platform-commons-1.8.2.jar;C:\Users\JacobSabbathAdiaba\.m2\repository\org\apiguardian\apiguardian-api\1.1.2\apiguardian-api-1.1.2.jar;C:\Users\JacobSabbathAdiaba\.m2\repository\org\junit\jupiter\junit-jupiter-params\5.8.2\junit-jupiter-params-5.8.2.jar;C:\Users\JacobSabbathAdiaba\.m2\repository\org\junit\jupiter\junit-jupiter-engine\5.8.2\junit-jupiter-engine-5.8.2.jar;C:\Users\JacobSabbathAdiaba\.m2\repository\org\junit\platform\junit-platform-engine\1.8.2\junit-platform-engine-1.8.2.jar;C:\Users\JacobSabbathAdiaba\.m2\repository\org\mockito\mockito-core\4.5.1\mockito-core-4.5.1.jar;C:\Users\JacobSabbathAdiaba\.m2\repository\net\bytebuddy\byte-buddy\1.12.9\byte-buddy-1.12.9.jar;C:\Users\JacobSabbathAdiaba\.m2\repository\net\bytebuddy\byte-buddy-agent\1.12.9\byte-buddy-agent-1.12.9.jar;C:\Users\JacobSabbathAdiaba\.m2\repository\org\objenesis\objenesis\3.2\objenesis-3.2.jar;C:\Users\JacobSabbathAdiaba\.m2\repository\org\mockito\mockito-junit-jupiter\4.5.1\mockito-junit-jupiter-4.5.1.jar;C:\Users\JacobSabbathAdiaba\.m2\repository\software\amazon\awssdk\cognitoidentity\2.29.39\cognitoidentity-2.29.39.jar;C:\Users\JacobSabbathAdiaba\.m2\repository\software\amazon\awssdk\cognitoidentityprovider\2.29.39\cognitoidentityprovider-2.29.39.jar;C:\Users\JacobSabbathAdiaba\.m2\repository\software\amazon\awssdk\apache-client\2.29.39\apache-client-2.29.39.jar;C:\Users\JacobSabbathAdiaba\.m2\repository\org\apache\httpcomponents\httpclient\4.5.13\httpclient-4.5.13.jar;C:\Users\JacobSabbathAdiaba\.m2\repository\commons-logging\commons-logging\1.2\commons-logging-1.2.jar;C:\Users\JacobSabbathAdiaba\.m2\repository\org\apache\httpcomponents\httpcore\4.4.16\httpcore-4.4.16.jar;C:\Users\JacobSabbathAdiaba\.m2\repository\commons-codec\commons-codec\1.17.1\commons-codec-1.17.1.jar;C:\Users\JacobSabbathAdiaba\.m2\repository\com\google\code\gson\gson\2.10.1\gson-2.10.1.jar;C:\Users\JacobSabbathAdiaba\.m2\repository\com\fasterxml\jackson\core\jackson-databind\2.18.2\jackson-databind-2.18.2.jar;C:\Users\JacobSabbathAdiaba\.m2\repository\com\fasterxml\jackson\core\jackson-annotations\2.18.2\jackson-annotations-2.18.2.jar;C:\Users\JacobSabbathAdiaba\.m2\repository\com\fasterxml\jackson\core\jackson-core\2.18.2\jackson-core-2.18.2.jar;C:\Users\JacobSabbathAdiaba\.m2\repository\org\projectlombok\lombok\1.18.30\lombok-1.18.30.jar;C:\Users\JacobSabbathAdiaba\.m2\repository\com\auth0\java-jwt\4.4.0\java-jwt-4.4.0.jar;C:\Users\JacobSabbathAdiaba\.m2\repository\com\auth0\jwks-rsa\0.22.1\jwks-rsa-0.22.1.jar;C:\Users\JacobSabbathAdiaba\.m2\repository\com\google\guava\guava\33.4.0-jre\guava-33.4.0-jre.jar;C:\Users\JacobSabbathAdiaba\.m2\repository\com\google\guava\failureaccess\1.0.2\failureaccess-1.0.2.jar;C:\Users\JacobSabbathAdiaba\.m2\repository\com\google\guava\listenablefuture\9999.0-empty-to-avoid-conflict-with-guava\listenablefuture-9999.0-empty-to-avoid-conflict-with-guava.jar;C:\Users\JacobSabbathAdiaba\.m2\repository\com\google\code\findbugs\jsr305\3.0.2\jsr305-3.0.2.jar;C:\Users\JacobSabbathAdiaba\.m2\repository\org\checkerframework\checker-qual\3.43.0\checker-qual-3.43.0.jar;C:\Users\JacobSabbathAdiaba\.m2\repository\com\google\errorprone\error_prone_annotations\2.36.0\error_prone_annotations-2.36.0.jar;C:\Users\JacobSabbathAdiaba\.m2\repository\com\google\j2objc\j2objc-annotations\3.0.0\j2objc-annotations-3.0.0.jar;C:\Users\JacobSabbathAdiaba\.m2\repository\software\amazon\awssdk\lambda\2.29.44\lambda-2.29.44.jar;C:\Users\JacobSabbathAdiaba\.m2\repository\software\amazon\awssdk\ses\2.29.45\ses-2.29.45.jar;C:\Users\JacobSabbathAdiaba\.m2\repository\software\amazon\awssdk\aws-query-protocol\2.29.39\aws-query-protocol-2.29.39.jar;C:\Users\JacobSabbathAdiaba\.m2\repository\software\amazon\awssdk\sfn\2.29.45\sfn-2.29.45.jar;C:\Users\JacobSabbathAdiaba\.m2\repository\software\amazon\awssdk\sns\2.29.45\sns-2.29.45.jar;C:\Users\JacobSabbathAdiaba\.m2\repository\software\amazon\awssdk\sqs\2.29.45\sqs-2.29.45.jar;C:\Users\JacobSabbathAdiaba\.m2\repository\software\amazon\awssdk\dynamodb-enhanced\2.29.45\dynamodb-enhanced-2.29.45.jar;C:\Users\JacobSabbathAdiaba\.m2\repository\software\amazon\awssdk\dynamodb\2.29.46\dynamodb-2.29.46.jar;C:\Users\JacobSabbathAdiaba\.m2\repository\software\amazon\awssdk\profiles\2.29.39\profiles-2.29.39.jar;"/>
    <property name="CLOSED_TOPIC_ARN" value="test-closed-arn"/>
    <property name="java.vm.vendor" value="Oracle Corporation"/>
    <property name="sun.arch.data.model" value="64"/>
    <property name="user.variant" value=""/>
    <property name="java.vendor.url" value="https://java.oracle.com/"/>
    <property name="user.timezone" value="Africa/Accra"/>
    <property name="REOPENED_TOPIC_ARN" value="test-reopened-arn"/>
    <property name="user.country.format" value="GH"/>
    <property name="os.name" value="Windows 10"/>
    <property name="java.vm.specification.version" value="17"/>
    <property name="sun.java.launcher" value="SUN_STANDARD"/>
    <property name="user.country" value="GB"/>
    <property name="sun.boot.library.path" value="C:\Program Files\Java\jdk-17\bin"/>
    <property name="sun.java.command" value="C:\Users\JacobSabbathAdiaba\AppData\Local\Temp\surefire15029597605400632712\surefirebooter-20250206214203966_3.jar C:\Users\JacobSabbathAdiaba\AppData\Local\Temp\surefire15029597605400632712 2025-02-06T21-42-03_582-jvmRun1 surefire-20250206214203966_1tmp surefire_0-20250206214203966_2tmp"/>
    <property name="AWS_REGION" value="us-east-1"/>
    <property name="jdk.debug" value="release"/>
    <property name="surefire.test.class.path" value="C:\Users\JacobSabbathAdiaba\OneDrive - AmaliTech gGmbH\Desktop\Aws Microservice\projects\TaskManagerApi\TaskManagerApi\target\test-classes;C:\Users\JacobSabbathAdiaba\OneDrive - AmaliTech gGmbH\Desktop\Aws Microservice\projects\TaskManagerApi\TaskManagerApi\target\classes;C:\Users\JacobSabbathAdiaba\.m2\repository\org\springframework\boot\spring-boot-starter-web\3.4.1\spring-boot-starter-web-3.4.1.jar;C:\Users\JacobSabbathAdiaba\.m2\repository\org\springframework\boot\spring-boot-starter\3.4.1\spring-boot-starter-3.4.1.jar;C:\Users\JacobSabbathAdiaba\.m2\repository\org\springframework\boot\spring-boot\3.4.1\spring-boot-3.4.1.jar;C:\Users\JacobSabbathAdiaba\.m2\repository\org\springframework\boot\spring-boot-autoconfigure\3.4.1\spring-boot-autoconfigure-3.4.1.jar;C:\Users\JacobSabbathAdiaba\.m2\repository\org\springframework\boot\spring-boot-starter-logging\3.4.1\spring-boot-starter-logging-3.4.1.jar;C:\Users\JacobSabbathAdiaba\.m2\repository\ch\qos\logback\logback-classic\1.5.12\logback-classic-1.5.12.jar;C:\Users\JacobSabbathAdiaba\.m2\repository\ch\qos\logback\logback-core\1.5.12\logback-core-1.5.12.jar;C:\Users\JacobSabbathAdiaba\.m2\repository\org\apache\logging\log4j\log4j-to-slf4j\2.24.3\log4j-to-slf4j-2.24.3.jar;C:\Users\JacobSabbathAdiaba\.m2\repository\org\apache\logging\log4j\log4j-api\2.24.3\log4j-api-2.24.3.jar;C:\Users\JacobSabbathAdiaba\.m2\repository\org\slf4j\jul-to-slf4j\2.0.16\jul-to-slf4j-2.0.16.jar;C:\Users\JacobSabbathAdiaba\.m2\repository\jakarta\annotation\jakarta.annotation-api\2.1.1\jakarta.annotation-api-2.1.1.jar;C:\Users\JacobSabbathAdiaba\.m2\repository\org\springframework\spring-core\6.2.1\spring-core-6.2.1.jar;C:\Users\JacobSabbathAdiaba\.m2\repository\org\springframework\spring-jcl\6.2.1\spring-jcl-6.2.1.jar;C:\Users\JacobSabbathAdiaba\.m2\repository\org\yaml\snakeyaml\2.3\snakeyaml-2.3.jar;C:\Users\JacobSabbathAdiaba\.m2\repository\org\springframework\boot\spring-boot-starter-json\3.4.1\spring-boot-starter-json-3.4.1.jar;C:\Users\JacobSabbathAdiaba\.m2\repository\com\fasterxml\jackson\datatype\jackson-datatype-jdk8\2.18.2\jackson-datatype-jdk8-2.18.2.jar;C:\Users\JacobSabbathAdiaba\.m2\repository\com\fasterxml\jackson\datatype\jackson-datatype-jsr310\2.18.2\jackson-datatype-jsr310-2.18.2.jar;C:\Users\JacobSabbathAdiaba\.m2\repository\com\fasterxml\jackson\module\jackson-module-parameter-names\2.18.2\jackson-module-parameter-names-2.18.2.jar;C:\Users\JacobSabbathAdiaba\.m2\repository\org\springframework\boot\spring-boot-starter-tomcat\3.4.1\spring-boot-starter-tomcat-3.4.1.jar;C:\Users\JacobSabbathAdiaba\.m2\repository\org\apache\tomcat\embed\tomcat-embed-core\10.1.34\tomcat-embed-core-10.1.34.jar;C:\Users\JacobSabbathAdiaba\.m2\repository\org\apache\tomcat\embed\tomcat-embed-el\10.1.34\tomcat-embed-el-10.1.34.jar;C:\Users\JacobSabbathAdiaba\.m2\repository\org\apache\tomcat\embed\tomcat-embed-websocket\10.1.34\tomcat-embed-websocket-10.1.34.jar;C:\Users\JacobSabbathAdiaba\.m2\repository\org\springframework\spring-web\6.2.1\spring-web-6.2.1.jar;C:\Users\JacobSabbathAdiaba\.m2\repository\org\springframework\spring-beans\6.2.1\spring-beans-6.2.1.jar;C:\Users\JacobSabbathAdiaba\.m2\repository\io\micrometer\micrometer-observation\1.14.2\micrometer-observation-1.14.2.jar;C:\Users\JacobSabbathAdiaba\.m2\repository\io\micrometer\micrometer-commons\1.14.2\micrometer-commons-1.14.2.jar;C:\Users\JacobSabbathAdiaba\.m2\repository\org\springframework\spring-webmvc\6.2.1\spring-webmvc-6.2.1.jar;C:\Users\JacobSabbathAdiaba\.m2\repository\org\springframework\spring-aop\6.2.1\spring-aop-6.2.1.jar;C:\Users\JacobSabbathAdiaba\.m2\repository\org\springframework\spring-context\6.2.1\spring-context-6.2.1.jar;C:\Users\JacobSabbathAdiaba\.m2\repository\org\springframework\spring-expression\6.2.1\spring-expression-6.2.1.jar;C:\Users\JacobSabbathAdiaba\.m2\repository\com\amazonaws\aws-lambda-java-core\1.2.0\aws-lambda-java-core-1.2.0.jar;C:\Users\JacobSabbathAdiaba\.m2\repository\com\amazonaws\aws-lambda-java-events\3.6.0\aws-lambda-java-events-3.6.0.jar;C:\Users\JacobSabbathAdiaba\.m2\repository\joda-time\joda-time\2.6\joda-time-2.6.jar;C:\Users\JacobSabbathAdiaba\.m2\repository\software\amazon\awssdk\kms\2.29.39\kms-2.29.39.jar;C:\Users\JacobSabbathAdiaba\.m2\repository\software\amazon\awssdk\aws-json-protocol\2.29.39\aws-json-protocol-2.29.39.jar;C:\Users\JacobSabbathAdiaba\.m2\repository\software\amazon\awssdk\third-party-jackson-core\2.29.39\third-party-jackson-core-2.29.39.jar;C:\Users\JacobSabbathAdiaba\.m2\repository\software\amazon\awssdk\protocol-core\2.29.39\protocol-core-2.29.39.jar;C:\Users\JacobSabbathAdiaba\.m2\repository\software\amazon\awssdk\http-auth-aws\2.29.39\http-auth-aws-2.29.39.jar;C:\Users\JacobSabbathAdiaba\.m2\repository\software\amazon\awssdk\checksums-spi\2.29.39\checksums-spi-2.29.39.jar;C:\Users\JacobSabbathAdiaba\.m2\repository\software\amazon\awssdk\checksums\2.29.39\checksums-2.29.39.jar;C:\Users\JacobSabbathAdiaba\.m2\repository\software\amazon\awssdk\sdk-core\2.29.39\sdk-core-2.29.39.jar;C:\Users\JacobSabbathAdiaba\.m2\repository\software\amazon\awssdk\retries\2.29.39\retries-2.29.39.jar;C:\Users\JacobSabbathAdiaba\.m2\repository\org\slf4j\slf4j-api\1.7.36\slf4j-api-1.7.36.jar;C:\Users\JacobSabbathAdiaba\.m2\repository\org\reactivestreams\reactive-streams\1.0.4\reactive-streams-1.0.4.jar;C:\Users\JacobSabbathAdiaba\.m2\repository\software\amazon\awssdk\auth\2.29.39\auth-2.29.39.jar;C:\Users\JacobSabbathAdiaba\.m2\repository\software\amazon\awssdk\http-auth-aws-eventstream\2.29.39\http-auth-aws-eventstream-2.29.39.jar;C:\Users\JacobSabbathAdiaba\.m2\repository\software\amazon\eventstream\eventstream\1.0.1\eventstream-1.0.1.jar;C:\Users\JacobSabbathAdiaba\.m2\repository\software\amazon\awssdk\http-auth-spi\2.29.39\http-auth-spi-2.29.39.jar;C:\Users\JacobSabbathAdiaba\.m2\repository\software\amazon\awssdk\http-auth\2.29.39\http-auth-2.29.39.jar;C:\Users\JacobSabbathAdiaba\.m2\repository\software\amazon\awssdk\identity-spi\2.29.39\identity-spi-2.29.39.jar;C:\Users\JacobSabbathAdiaba\.m2\repository\software\amazon\awssdk\http-client-spi\2.29.39\http-client-spi-2.29.39.jar;C:\Users\JacobSabbathAdiaba\.m2\repository\software\amazon\awssdk\regions\2.29.39\regions-2.29.39.jar;C:\Users\JacobSabbathAdiaba\.m2\repository\software\amazon\awssdk\annotations\2.29.39\annotations-2.29.39.jar;C:\Users\JacobSabbathAdiaba\.m2\repository\software\amazon\awssdk\utils\2.29.39\utils-2.29.39.jar;C:\Users\JacobSabbathAdiaba\.m2\repository\software\amazon\awssdk\aws-core\2.29.39\aws-core-2.29.39.jar;C:\Users\JacobSabbathAdiaba\.m2\repository\software\amazon\awssdk\metrics-spi\2.29.39\metrics-spi-2.29.39.jar;C:\Users\JacobSabbathAdiaba\.m2\repository\software\amazon\awssdk\json-utils\2.29.39\json-utils-2.29.39.jar;C:\Users\JacobSabbathAdiaba\.m2\repository\software\amazon\awssdk\endpoints-spi\2.29.39\endpoints-spi-2.29.39.jar;C:\Users\JacobSabbathAdiaba\.m2\repository\software\amazon\awssdk\retries-spi\2.29.39\retries-spi-2.29.39.jar;C:\Users\JacobSabbathAdiaba\.m2\repository\software\amazon\awssdk\netty-nio-client\2.29.39\netty-nio-client-2.29.39.jar;C:\Users\JacobSabbathAdiaba\.m2\repository\io\netty\netty-codec-http\4.1.115.Final\netty-codec-http-4.1.115.Final.jar;C:\Users\JacobSabbathAdiaba\.m2\repository\io\netty\netty-codec-http2\4.1.115.Final\netty-codec-http2-4.1.115.Final.jar;C:\Users\JacobSabbathAdiaba\.m2\repository\io\netty\netty-codec\4.1.115.Final\netty-codec-4.1.115.Final.jar;C:\Users\JacobSabbathAdiaba\.m2\repository\io\netty\netty-transport\4.1.115.Final\netty-transport-4.1.115.Final.jar;C:\Users\JacobSabbathAdiaba\.m2\repository\io\netty\netty-common\4.1.115.Final\netty-common-4.1.115.Final.jar;C:\Users\JacobSabbathAdiaba\.m2\repository\io\netty\netty-buffer\4.1.115.Final\netty-buffer-4.1.115.Final.jar;C:\Users\JacobSabbathAdiaba\.m2\repository\io\netty\netty-handler\4.1.115.Final\netty-handler-4.1.115.Final.jar;C:\Users\JacobSabbathAdiaba\.m2\repository\io\netty\netty-transport-native-unix-common\4.1.115.Final\netty-transport-native-unix-common-4.1.115.Final.jar;C:\Users\JacobSabbathAdiaba\.m2\repository\io\netty\netty-transport-classes-epoll\4.1.115.Final\netty-transport-classes-epoll-4.1.115.Final.jar;C:\Users\JacobSabbathAdiaba\.m2\repository\io\netty\netty-resolver\4.1.115.Final\netty-resolver-4.1.115.Final.jar;C:\Users\JacobSabbathAdiaba\.m2\repository\org\junit\jupiter\junit-jupiter\5.8.2\junit-jupiter-5.8.2.jar;C:\Users\JacobSabbathAdiaba\.m2\repository\org\junit\jupiter\junit-jupiter-api\5.8.2\junit-jupiter-api-5.8.2.jar;C:\Users\JacobSabbathAdiaba\.m2\repository\org\opentest4j\opentest4j\1.2.0\opentest4j-1.2.0.jar;C:\Users\JacobSabbathAdiaba\.m2\repository\org\junit\platform\junit-platform-commons\1.8.2\junit-platform-commons-1.8.2.jar;C:\Users\JacobSabbathAdiaba\.m2\repository\org\apiguardian\apiguardian-api\1.1.2\apiguardian-api-1.1.2.jar;C:\Users\JacobSabbathAdiaba\.m2\repository\org\junit\jupiter\junit-jupiter-params\5.8.2\junit-jupiter-params-5.8.2.jar;C:\Users\JacobSabbathAdiaba\.m2\repository\org\junit\jupiter\junit-jupiter-engine\5.8.2\junit-jupiter-engine-5.8.2.jar;C:\Users\JacobSabbathAdiaba\.m2\repository\org\junit\platform\junit-platform-engine\1.8.2\junit-platform-engine-1.8.2.jar;C:\Users\JacobSabbathAdiaba\.m2\repository\org\mockito\mockito-core\4.5.1\mockito-core-4.5.1.jar;C:\Users\JacobSabbathAdiaba\.m2\repository\net\bytebuddy\byte-buddy\1.12.9\byte-buddy-1.12.9.jar;C:\Users\JacobSabbathAdiaba\.m2\repository\net\bytebuddy\byte-buddy-agent\1.12.9\byte-buddy-agent-1.12.9.jar;C:\Users\JacobSabbathAdiaba\.m2\repository\org\objenesis\objenesis\3.2\objenesis-3.2.jar;C:\Users\JacobSabbathAdiaba\.m2\repository\org\mockito\mockito-junit-jupiter\4.5.1\mockito-junit-jupiter-4.5.1.jar;C:\Users\JacobSabbathAdiaba\.m2\repository\software\amazon\awssdk\cognitoidentity\2.29.39\cognitoidentity-2.29.39.jar;C:\Users\JacobSabbathAdiaba\.m2\repository\software\amazon\awssdk\cognitoidentityprovider\2.29.39\cognitoidentityprovider-2.29.39.jar;C:\Users\JacobSabbathAdiaba\.m2\repository\software\amazon\awssdk\apache-client\2.29.39\apache-client-2.29.39.jar;C:\Users\JacobSabbathAdiaba\.m2\repository\org\apache\httpcomponents\httpclient\4.5.13\httpclient-4.5.13.jar;C:\Users\JacobSabbathAdiaba\.m2\repository\commons-logging\commons-logging\1.2\commons-logging-1.2.jar;C:\Users\JacobSabbathAdiaba\.m2\repository\org\apache\httpcomponents\httpcore\4.4.16\httpcore-4.4.16.jar;C:\Users\JacobSabbathAdiaba\.m2\repository\commons-codec\commons-codec\1.17.1\commons-codec-1.17.1.jar;C:\Users\JacobSabbathAdiaba\.m2\repository\com\google\code\gson\gson\2.10.1\gson-2.10.1.jar;C:\Users\JacobSabbathAdiaba\.m2\repository\com\fasterxml\jackson\core\jackson-databind\2.18.2\jackson-databind-2.18.2.jar;C:\Users\JacobSabbathAdiaba\.m2\repository\com\fasterxml\jackson\core\jackson-annotations\2.18.2\jackson-annotations-2.18.2.jar;C:\Users\JacobSabbathAdiaba\.m2\repository\com\fasterxml\jackson\core\jackson-core\2.18.2\jackson-core-2.18.2.jar;C:\Users\JacobSabbathAdiaba\.m2\repository\org\projectlombok\lombok\1.18.30\lombok-1.18.30.jar;C:\Users\JacobSabbathAdiaba\.m2\repository\com\auth0\java-jwt\4.4.0\java-jwt-4.4.0.jar;C:\Users\JacobSabbathAdiaba\.m2\repository\com\auth0\jwks-rsa\0.22.1\jwks-rsa-0.22.1.jar;C:\Users\JacobSabbathAdiaba\.m2\repository\com\google\guava\guava\33.4.0-jre\guava-33.4.0-jre.jar;C:\Users\JacobSabbathAdiaba\.m2\repository\com\google\guava\failureaccess\1.0.2\failureaccess-1.0.2.jar;C:\Users\JacobSabbathAdiaba\.m2\repository\com\google\guava\listenablefuture\9999.0-empty-to-avoid-conflict-with-guava\listenablefuture-9999.0-empty-to-avoid-conflict-with-guava.jar;C:\Users\JacobSabbathAdiaba\.m2\repository\com\google\code\findbugs\jsr305\3.0.2\jsr305-3.0.2.jar;C:\Users\JacobSabbathAdiaba\.m2\repository\org\checkerframework\checker-qual\3.43.0\checker-qual-3.43.0.jar;C:\Users\JacobSabbathAdiaba\.m2\repository\com\google\errorprone\error_prone_annotations\2.36.0\error_prone_annotations-2.36.0.jar;C:\Users\JacobSabbathAdiaba\.m2\repository\com\google\j2objc\j2objc-annotations\3.0.0\j2objc-annotations-3.0.0.jar;C:\Users\JacobSabbathAdiaba\.m2\repository\software\amazon\awssdk\lambda\2.29.44\lambda-2.29.44.jar;C:\Users\JacobSabbathAdiaba\.m2\repository\software\amazon\awssdk\ses\2.29.45\ses-2.29.45.jar;C:\Users\JacobSabbathAdiaba\.m2\repository\software\amazon\awssdk\aws-query-protocol\2.29.39\aws-query-protocol-2.29.39.jar;C:\Users\JacobSabbathAdiaba\.m2\repository\software\amazon\awssdk\sfn\2.29.45\sfn-2.29.45.jar;C:\Users\JacobSabbathAdiaba\.m2\repository\software\amazon\awssdk\sns\2.29.45\sns-2.29.45.jar;C:\Users\JacobSabbathAdiaba\.m2\repository\software\amazon\awssdk\sqs\2.29.45\sqs-2.29.45.jar;C:\Users\JacobSabbathAdiaba\.m2\repository\software\amazon\awssdk\dynamodb-enhanced\2.29.45\dynamodb-enhanced-2.29.45.jar;C:\Users\JacobSabbathAdiaba\.m2\repository\software\amazon\awssdk\dynamodb\2.29.46\dynamodb-2.29.46.jar;C:\Users\JacobSabbathAdiaba\.m2\repository\software\amazon\awssdk\profiles\2.29.39\profiles-2.29.39.jar;"/>
    <property name="sun.cpu.endian" value="little"/>
    <property name="user.home" value="C:\Users\JacobSabbathAdiaba"/>
    <property name="user.language" value="en"/>
    <property name="java.specification.vendor" value="Oracle Corporation"/>
    <property name="java.version.date" value="2023-10-17"/>
    <property name="java.home" value="C:\Program Files\Java\jdk-17"/>
    <property name="file.separator" value="\"/>
    <property name="basedir" value="C:\Users\JacobSabbathAdiaba\OneDrive - AmaliTech gGmbH\Desktop\Aws Microservice\projects\TaskManagerApi\TaskManagerApi"/>
    <property name="java.vm.compressedOopsMode" value="Zero based"/>
    <property name="line.separator" value="&#10;"/>
    <property name="COMPLETE_TOPIC_ARN" value="test-complete-arn"/>
    <property name="java.vm.specification.vendor" value="Oracle Corporation"/>
    <property name="java.specification.name" value="Java Platform API Specification"/>
    <property name="surefire.real.class.path" value="C:\Users\JacobSabbathAdiaba\AppData\Local\Temp\surefire15029597605400632712\surefirebooter-20250206214203966_3.jar"/>
    <property name="ASSIGNMENT_TOPIC_ARN" value="test-assignment-arn"/>
    <property name="user.script" value=""/>
    <property name="sun.management.compiler" value="HotSpot 64-Bit Tiered Compilers"/>
    <property name="java.runtime.version" value="17.0.9+11-LTS-201"/>
    <property name="user.name" value="JacobSabbathAdiaba"/>
    <property name="path.separator" value=";"/>
    <property name="os.version" value="10.0"/>
    <property name="java.runtime.name" value="Java(TM) SE Runtime Environment"/>
    <property name="file.encoding" value="Cp1252"/>
    <property name="java.vm.name" value="Java HotSpot(TM) 64-Bit Server VM"/>
    <property name="localRepository" value="C:\Users\JacobSabbathAdiaba\.m2\repository"/>
    <property name="java.vendor.url.bug" value="https://bugreport.java.com/bugreport/"/>
    <property name="java.io.tmpdir" value="C:\Users\JACOBS~1\AppData\Local\Temp\"/>
    <property name="java.version" value="17.0.9"/>
    <property name="user.dir" value="C:\Users\JacobSabbathAdiaba\OneDrive - AmaliTech gGmbH\Desktop\Aws Microservice\projects\TaskManagerApi\TaskManagerApi"/>
    <property name="os.arch" value="amd64"/>
    <property name="java.vm.specification.name" value="Java Virtual Machine Specification"/>
    <property name="USER_ONBOARDING_STATE_MACHINE_ARN" value="test-state-machine-arn"/>
    <property name="sun.os.patch.level" value=""/>
    <property name="native.encoding" value="Cp1252"/>
    <property name="java.library.path" value="C:\Program Files\Java\jdk-17\bin;C:\windows\Sun\Java\bin;C:\windows\system32;C:\windows;C:\Program Files\Common Files\Oracle\Java\javapath;C:\windows\system32;C:\windows;C:\windows\System32\Wbem;C:\windows\System32\WindowsPowerShell\v1.0\;C:\windows\System32\OpenSSH\;C:\Program Files\Git\cmd;C:\Program Files\nodejs\;C:\Program Files\Java\jdk-17\bin;C:\Program Files\Maven\apache-maven-3.9.6-bin\apache-maven-3.9.6\bin;;C:\Program Files\Docker\Docker\resources\bin;C:\Users\JacobSabbathAdiaba\AppData\Local\Programs\Python\Launcher\;C:\Users\JacobSabbathAdiaba\.console-ninja\.bin;C:\Program Files\MySQL\MySQL Shell 8.0\bin\;C:\Users\JacobSabbathAdiaba\AppData\Local\Microsoft\WindowsApps;;C:\Users\JacobSabbathAdiaba\AppData\Local\Programs\Microsoft VS Code\bin;C:\Users\JacobSabbathAdiaba\AppData\Local\Programs\Ollama;."/>
    <property name="java.vm.info" value="mixed mode, sharing"/>
    <property name="java.vendor" value="Oracle Corporation"/>
    <property name="java.vm.version" value="17.0.9+11-LTS-201"/>
    <property name="sun.io.unicode.encoding" value="UnicodeLittle"/>
    <property name="java.class.version" value="61.0"/>
  </properties>
  <testcase name="createTask_Success" classname="com.roczyno.aws.task_manager.TaskServiceTest" time="0.62">
    <system-err><![CDATA[SLF4J: Failed to load class "org.slf4j.impl.StaticLoggerBinder".
SLF4J: Defaulting to no-operation (NOP) logger implementation
SLF4J: See http://www.slf4j.org/codes.html#StaticLoggerBinder for further details.
]]></system-err>
  </testcase>
  <testcase name="deleteTask_Success" classname="com.roczyno.aws.task_manager.TaskServiceTest" time="0.045"/>
  <testcase name="updateTaskStatus_Success" classname="com.roczyno.aws.task_manager.TaskServiceTest" time="0.025"/>
  <testcase name="createTask_DuplicateId_ThrowsException" classname="com.roczyno.aws.task_manager.TaskServiceTest" time="0.015"/>
</testsuite>