<?xml version="1.0" encoding="UTF-8"?>
<testsuite xmlns:xsi="http://www.w3.org/2001/XMLSchema-instance" xsi:noNamespaceSchemaLocation="https://maven.apache.org/surefire/maven-surefire-plugin/xsd/surefire-test-report-3.0.xsd" version="3.0" name="com.roczyno.aws.task_manager.AppTest" time="0.712" tests="1" errors="0" skipped="0" failures="0">
  <properties>
    <property name="java.specification.version" value="17"/>
    <property name="sun.jnu.encoding" value="UTF-8"/>
    <property name="java.class.path" value="/mnt/c/Users/JacobSabbathAdiaba/OneDrive - AmaliTech gGmbH/Desktop/Aws Microservice/projects/TaskManagerApi/TaskManagerApi/target/test-classes:/mnt/c/Users/JacobSabbathAdiaba/OneDrive - AmaliTech gGmbH/Desktop/Aws Microservice/projects/TaskManagerApi/TaskManagerApi/target/classes:/home/roczyno/.m2/repository/com/amazonaws/aws-lambda-java-core/1.2.0/aws-lambda-java-core-1.2.0.jar:/home/roczyno/.m2/repository/com/amazonaws/aws-lambda-java-events/3.6.0/aws-lambda-java-events-3.6.0.jar:/home/roczyno/.m2/repository/joda-time/joda-time/2.6/joda-time-2.6.jar:/home/roczyno/.m2/repository/software/amazon/awssdk/kms/2.29.39/kms-2.29.39.jar:/home/roczyno/.m2/repository/software/amazon/awssdk/aws-json-protocol/2.29.39/aws-json-protocol-2.29.39.jar:/home/roczyno/.m2/repository/software/amazon/awssdk/third-party-jackson-core/2.29.39/third-party-jackson-core-2.29.39.jar:/home/roczyno/.m2/repository/software/amazon/awssdk/protocol-core/2.29.39/protocol-core-2.29.39.jar:/home/roczyno/.m2/repository/software/amazon/awssdk/http-auth-aws/2.29.39/http-auth-aws-2.29.39.jar:/home/roczyno/.m2/repository/software/amazon/awssdk/checksums-spi/2.29.39/checksums-spi-2.29.39.jar:/home/roczyno/.m2/repository/software/amazon/awssdk/checksums/2.29.39/checksums-2.29.39.jar:/home/roczyno/.m2/repository/software/amazon/awssdk/sdk-core/2.29.39/sdk-core-2.29.39.jar:/home/roczyno/.m2/repository/software/amazon/awssdk/profiles/2.29.39/profiles-2.29.39.jar:/home/roczyno/.m2/repository/software/amazon/awssdk/retries/2.29.39/retries-2.29.39.jar:/home/roczyno/.m2/repository/org/slf4j/slf4j-api/1.7.36/slf4j-api-1.7.36.jar:/home/roczyno/.m2/repository/org/reactivestreams/reactive-streams/1.0.4/reactive-streams-1.0.4.jar:/home/roczyno/.m2/repository/software/amazon/awssdk/auth/2.29.39/auth-2.29.39.jar:/home/roczyno/.m2/repository/software/amazon/awssdk/http-auth-aws-eventstream/2.29.39/http-auth-aws-eventstream-2.29.39.jar:/home/roczyno/.m2/repository/software/amazon/eventstream/eventstream/1.0.1/eventstream-1.0.1.jar:/home/roczyno/.m2/repository/software/amazon/awssdk/http-auth-spi/2.29.39/http-auth-spi-2.29.39.jar:/home/roczyno/.m2/repository/software/amazon/awssdk/http-auth/2.29.39/http-auth-2.29.39.jar:/home/roczyno/.m2/repository/software/amazon/awssdk/identity-spi/2.29.39/identity-spi-2.29.39.jar:/home/roczyno/.m2/repository/software/amazon/awssdk/http-client-spi/2.29.39/http-client-spi-2.29.39.jar:/home/roczyno/.m2/repository/software/amazon/awssdk/regions/2.29.39/regions-2.29.39.jar:/home/roczyno/.m2/repository/software/amazon/awssdk/annotations/2.29.39/annotations-2.29.39.jar:/home/roczyno/.m2/repository/software/amazon/awssdk/utils/2.29.39/utils-2.29.39.jar:/home/roczyno/.m2/repository/software/amazon/awssdk/aws-core/2.29.39/aws-core-2.29.39.jar:/home/roczyno/.m2/repository/software/amazon/awssdk/metrics-spi/2.29.39/metrics-spi-2.29.39.jar:/home/roczyno/.m2/repository/software/amazon/awssdk/json-utils/2.29.39/json-utils-2.29.39.jar:/home/roczyno/.m2/repository/software/amazon/awssdk/endpoints-spi/2.29.39/endpoints-spi-2.29.39.jar:/home/roczyno/.m2/repository/software/amazon/awssdk/retries-spi/2.29.39/retries-spi-2.29.39.jar:/home/roczyno/.m2/repository/software/amazon/awssdk/netty-nio-client/2.29.39/netty-nio-client-2.29.39.jar:/home/roczyno/.m2/repository/io/netty/netty-codec-http/4.1.115.Final/netty-codec-http-4.1.115.Final.jar:/home/roczyno/.m2/repository/io/netty/netty-codec-http2/4.1.115.Final/netty-codec-http2-4.1.115.Final.jar:/home/roczyno/.m2/repository/io/netty/netty-codec/4.1.115.Final/netty-codec-4.1.115.Final.jar:/home/roczyno/.m2/repository/io/netty/netty-transport/4.1.115.Final/netty-transport-4.1.115.Final.jar:/home/roczyno/.m2/repository/io/netty/netty-common/4.1.115.Final/netty-common-4.1.115.Final.jar:/home/roczyno/.m2/repository/io/netty/netty-buffer/4.1.115.Final/netty-buffer-4.1.115.Final.jar:/home/roczyno/.m2/repository/io/netty/netty-handler/4.1.115.Final/netty-handler-4.1.115.Final.jar:/home/roczyno/.m2/repository/io/netty/netty-transport-native-unix-common/4.1.115.Final/netty-transport-native-unix-common-4.1.115.Final.jar:/home/roczyno/.m2/repository/io/netty/netty-transport-classes-epoll/4.1.115.Final/netty-transport-classes-epoll-4.1.115.Final.jar:/home/roczyno/.m2/repository/io/netty/netty-resolver/4.1.115.Final/netty-resolver-4.1.115.Final.jar:/home/roczyno/.m2/repository/junit/junit/4.13.1/junit-4.13.1.jar:/home/roczyno/.m2/repository/org/hamcrest/hamcrest-core/1.3/hamcrest-core-1.3.jar:/home/roczyno/.m2/repository/software/amazon/awssdk/cognitoidentity/2.29.39/cognitoidentity-2.29.39.jar:/home/roczyno/.m2/repository/software/amazon/awssdk/cognitoidentityprovider/2.29.39/cognitoidentityprovider-2.29.39.jar:/home/roczyno/.m2/repository/software/amazon/awssdk/apache-client/2.29.39/apache-client-2.29.39.jar:/home/roczyno/.m2/repository/org/apache/httpcomponents/httpclient/4.5.13/httpclient-4.5.13.jar:/home/roczyno/.m2/repository/commons-logging/commons-logging/1.2/commons-logging-1.2.jar:/home/roczyno/.m2/repository/org/apache/httpcomponents/httpcore/4.4.16/httpcore-4.4.16.jar:/home/roczyno/.m2/repository/commons-codec/commons-codec/1.17.1/commons-codec-1.17.1.jar:/home/roczyno/.m2/repository/com/google/code/gson/gson/2.10.1/gson-2.10.1.jar:/home/roczyno/.m2/repository/com/fasterxml/jackson/core/jackson-databind/2.18.2/jackson-databind-2.18.2.jar:/home/roczyno/.m2/repository/com/fasterxml/jackson/core/jackson-annotations/2.18.2/jackson-annotations-2.18.2.jar:/home/roczyno/.m2/repository/com/fasterxml/jackson/core/jackson-core/2.18.2/jackson-core-2.18.2.jar:/home/roczyno/.m2/repository/org/projectlombok/lombok/1.18.30/lombok-1.18.30.jar:"/>
    <property name="java.vm.vendor" value="Ubuntu"/>
    <property name="sun.arch.data.model" value="64"/>
    <property name="java.vendor.url" value="https://ubuntu.com/"/>
    <property name="os.name" value="Linux"/>
    <property name="java.vm.specification.version" value="17"/>
    <property name="sun.java.launcher" value="SUN_STANDARD"/>
    <property name="sun.boot.library.path" value="/usr/lib/jvm/java-17-openjdk-amd64/lib"/>
    <property name="sun.java.command" value="/mnt/c/Users/JacobSabbathAdiaba/OneDrive - AmaliTech gGmbH/Desktop/Aws Microservice/projects/TaskManagerApi/TaskManagerApi/target/surefire/surefirebooter-20250102174120283_3.jar /mnt/c/Users/JacobSabbathAdiaba/OneDrive - AmaliTech gGmbH/Desktop/Aws Microservice/projects/TaskManagerApi/TaskManagerApi/target/surefire 2025-01-02T17-41-19_963-jvmRun1 surefire-20250102174120283_1tmp surefire_0-20250102174120283_2tmp"/>
    <property name="jdk.debug" value="release"/>
    <property name="surefire.test.class.path" value="/mnt/c/Users/JacobSabbathAdiaba/OneDrive - AmaliTech gGmbH/Desktop/Aws Microservice/projects/TaskManagerApi/TaskManagerApi/target/test-classes:/mnt/c/Users/JacobSabbathAdiaba/OneDrive - AmaliTech gGmbH/Desktop/Aws Microservice/projects/TaskManagerApi/TaskManagerApi/target/classes:/home/roczyno/.m2/repository/com/amazonaws/aws-lambda-java-core/1.2.0/aws-lambda-java-core-1.2.0.jar:/home/roczyno/.m2/repository/com/amazonaws/aws-lambda-java-events/3.6.0/aws-lambda-java-events-3.6.0.jar:/home/roczyno/.m2/repository/joda-time/joda-time/2.6/joda-time-2.6.jar:/home/roczyno/.m2/repository/software/amazon/awssdk/kms/2.29.39/kms-2.29.39.jar:/home/roczyno/.m2/repository/software/amazon/awssdk/aws-json-protocol/2.29.39/aws-json-protocol-2.29.39.jar:/home/roczyno/.m2/repository/software/amazon/awssdk/third-party-jackson-core/2.29.39/third-party-jackson-core-2.29.39.jar:/home/roczyno/.m2/repository/software/amazon/awssdk/protocol-core/2.29.39/protocol-core-2.29.39.jar:/home/roczyno/.m2/repository/software/amazon/awssdk/http-auth-aws/2.29.39/http-auth-aws-2.29.39.jar:/home/roczyno/.m2/repository/software/amazon/awssdk/checksums-spi/2.29.39/checksums-spi-2.29.39.jar:/home/roczyno/.m2/repository/software/amazon/awssdk/checksums/2.29.39/checksums-2.29.39.jar:/home/roczyno/.m2/repository/software/amazon/awssdk/sdk-core/2.29.39/sdk-core-2.29.39.jar:/home/roczyno/.m2/repository/software/amazon/awssdk/profiles/2.29.39/profiles-2.29.39.jar:/home/roczyno/.m2/repository/software/amazon/awssdk/retries/2.29.39/retries-2.29.39.jar:/home/roczyno/.m2/repository/org/slf4j/slf4j-api/1.7.36/slf4j-api-1.7.36.jar:/home/roczyno/.m2/repository/org/reactivestreams/reactive-streams/1.0.4/reactive-streams-1.0.4.jar:/home/roczyno/.m2/repository/software/amazon/awssdk/auth/2.29.39/auth-2.29.39.jar:/home/roczyno/.m2/repository/software/amazon/awssdk/http-auth-aws-eventstream/2.29.39/http-auth-aws-eventstream-2.29.39.jar:/home/roczyno/.m2/repository/software/amazon/eventstream/eventstream/1.0.1/eventstream-1.0.1.jar:/home/roczyno/.m2/repository/software/amazon/awssdk/http-auth-spi/2.29.39/http-auth-spi-2.29.39.jar:/home/roczyno/.m2/repository/software/amazon/awssdk/http-auth/2.29.39/http-auth-2.29.39.jar:/home/roczyno/.m2/repository/software/amazon/awssdk/identity-spi/2.29.39/identity-spi-2.29.39.jar:/home/roczyno/.m2/repository/software/amazon/awssdk/http-client-spi/2.29.39/http-client-spi-2.29.39.jar:/home/roczyno/.m2/repository/software/amazon/awssdk/regions/2.29.39/regions-2.29.39.jar:/home/roczyno/.m2/repository/software/amazon/awssdk/annotations/2.29.39/annotations-2.29.39.jar:/home/roczyno/.m2/repository/software/amazon/awssdk/utils/2.29.39/utils-2.29.39.jar:/home/roczyno/.m2/repository/software/amazon/awssdk/aws-core/2.29.39/aws-core-2.29.39.jar:/home/roczyno/.m2/repository/software/amazon/awssdk/metrics-spi/2.29.39/metrics-spi-2.29.39.jar:/home/roczyno/.m2/repository/software/amazon/awssdk/json-utils/2.29.39/json-utils-2.29.39.jar:/home/roczyno/.m2/repository/software/amazon/awssdk/endpoints-spi/2.29.39/endpoints-spi-2.29.39.jar:/home/roczyno/.m2/repository/software/amazon/awssdk/retries-spi/2.29.39/retries-spi-2.29.39.jar:/home/roczyno/.m2/repository/software/amazon/awssdk/netty-nio-client/2.29.39/netty-nio-client-2.29.39.jar:/home/roczyno/.m2/repository/io/netty/netty-codec-http/4.1.115.Final/netty-codec-http-4.1.115.Final.jar:/home/roczyno/.m2/repository/io/netty/netty-codec-http2/4.1.115.Final/netty-codec-http2-4.1.115.Final.jar:/home/roczyno/.m2/repository/io/netty/netty-codec/4.1.115.Final/netty-codec-4.1.115.Final.jar:/home/roczyno/.m2/repository/io/netty/netty-transport/4.1.115.Final/netty-transport-4.1.115.Final.jar:/home/roczyno/.m2/repository/io/netty/netty-common/4.1.115.Final/netty-common-4.1.115.Final.jar:/home/roczyno/.m2/repository/io/netty/netty-buffer/4.1.115.Final/netty-buffer-4.1.115.Final.jar:/home/roczyno/.m2/repository/io/netty/netty-handler/4.1.115.Final/netty-handler-4.1.115.Final.jar:/home/roczyno/.m2/repository/io/netty/netty-transport-native-unix-common/4.1.115.Final/netty-transport-native-unix-common-4.1.115.Final.jar:/home/roczyno/.m2/repository/io/netty/netty-transport-classes-epoll/4.1.115.Final/netty-transport-classes-epoll-4.1.115.Final.jar:/home/roczyno/.m2/repository/io/netty/netty-resolver/4.1.115.Final/netty-resolver-4.1.115.Final.jar:/home/roczyno/.m2/repository/junit/junit/4.13.1/junit-4.13.1.jar:/home/roczyno/.m2/repository/org/hamcrest/hamcrest-core/1.3/hamcrest-core-1.3.jar:/home/roczyno/.m2/repository/software/amazon/awssdk/cognitoidentity/2.29.39/cognitoidentity-2.29.39.jar:/home/roczyno/.m2/repository/software/amazon/awssdk/cognitoidentityprovider/2.29.39/cognitoidentityprovider-2.29.39.jar:/home/roczyno/.m2/repository/software/amazon/awssdk/apache-client/2.29.39/apache-client-2.29.39.jar:/home/roczyno/.m2/repository/org/apache/httpcomponents/httpclient/4.5.13/httpclient-4.5.13.jar:/home/roczyno/.m2/repository/commons-logging/commons-logging/1.2/commons-logging-1.2.jar:/home/roczyno/.m2/repository/org/apache/httpcomponents/httpcore/4.4.16/httpcore-4.4.16.jar:/home/roczyno/.m2/repository/commons-codec/commons-codec/1.17.1/commons-codec-1.17.1.jar:/home/roczyno/.m2/repository/com/google/code/gson/gson/2.10.1/gson-2.10.1.jar:/home/roczyno/.m2/repository/com/fasterxml/jackson/core/jackson-databind/2.18.2/jackson-databind-2.18.2.jar:/home/roczyno/.m2/repository/com/fasterxml/jackson/core/jackson-annotations/2.18.2/jackson-annotations-2.18.2.jar:/home/roczyno/.m2/repository/com/fasterxml/jackson/core/jackson-core/2.18.2/jackson-core-2.18.2.jar:/home/roczyno/.m2/repository/org/projectlombok/lombok/1.18.30/lombok-1.18.30.jar:"/>
    <property name="sun.cpu.endian" value="little"/>
    <property name="user.home" value="/home/roczyno"/>
    <property name="user.language" value="en"/>
    <property name="java.specification.vendor" value="Oracle Corporation"/>
    <property name="java.version.date" value="2024-10-15"/>
    <property name="java.home" value="/usr/lib/jvm/java-17-openjdk-amd64"/>
    <property name="file.separator" value="/"/>
    <property name="basedir" value="/mnt/c/Users/JacobSabbathAdiaba/OneDrive - AmaliTech gGmbH/Desktop/Aws Microservice/projects/TaskManagerApi/TaskManagerApi"/>
    <property name="java.vm.compressedOopsMode" value="Zero based"/>
    <property name="line.separator" value="&#10;"/>
    <property name="java.vm.specification.vendor" value="Oracle Corporation"/>
    <property name="java.specification.name" value="Java Platform API Specification"/>
    <property name="surefire.real.class.path" value="/mnt/c/Users/JacobSabbathAdiaba/OneDrive - AmaliTech gGmbH/Desktop/Aws Microservice/projects/TaskManagerApi/TaskManagerApi/target/surefire/surefirebooter-20250102174120283_3.jar"/>
    <property name="sun.management.compiler" value="HotSpot 64-Bit Tiered Compilers"/>
    <property name="java.runtime.version" value="17.0.13+11-Ubuntu-2ubuntu124.04"/>
    <property name="user.name" value="roczyno"/>
    <property name="path.separator" value=":"/>
    <property name="os.version" value="5.15.167.4-microsoft-standard-WSL2"/>
    <property name="java.runtime.name" value="OpenJDK Runtime Environment"/>
    <property name="file.encoding" value="UTF-8"/>
    <property name="java.vm.name" value="OpenJDK 64-Bit Server VM"/>
    <property name="localRepository" value="/home/roczyno/.m2/repository"/>
    <property name="java.vendor.url.bug" value="https://bugs.launchpad.net/ubuntu/+source/openjdk-17"/>
    <property name="java.io.tmpdir" value="/tmp"/>
    <property name="java.version" value="17.0.13"/>
    <property name="user.dir" value="/mnt/c/Users/JacobSabbathAdiaba/OneDrive - AmaliTech gGmbH/Desktop/Aws Microservice/projects/TaskManagerApi/TaskManagerApi"/>
    <property name="os.arch" value="amd64"/>
    <property name="java.vm.specification.name" value="Java Virtual Machine Specification"/>
    <property name="native.encoding" value="UTF-8"/>
    <property name="java.library.path" value="/usr/java/packages/lib:/usr/lib/x86_64-linux-gnu/jni:/lib/x86_64-linux-gnu:/usr/lib/x86_64-linux-gnu:/usr/lib/jni:/lib:/usr/lib"/>
    <property name="java.vm.info" value="mixed mode, sharing"/>
    <property name="java.vendor" value="Ubuntu"/>
    <property name="java.vm.version" value="17.0.13+11-Ubuntu-2ubuntu124.04"/>
    <property name="java.specification.maintenance.version" value="1"/>
    <property name="sun.io.unicode.encoding" value="UnicodeLittle"/>
    <property name="java.class.version" value="61.0"/>
  </properties>
  <testcase name="successfulResponse" classname="com.roczyno.aws.task_manager.AppTest" time="0.046"/>
</testsuite>